<?xml version="1.0" encoding="UTF-8"?>
<!-- Generated by org.testng.reporters.JUnitXMLReporter -->
<testsuite ignored="0" hostname="Admins-MacBook-Pro.local" failures="1" tests="1" name="Test" time="57.334" errors="0" timestamp="2023-02-09T13:38:42 IST">
  <testcase classname="automation.mobile.TC001" name="testcase001" time="52.57">
    <failure type="java.lang.AssertionError" message="expected [b] but found [a]">
      <![CDATA[java.lang.AssertionError: expected [b] but found [a]
at automation.mobile.TC001.testcase001(TC001.java:38)
at java.base/java.util.ArrayList.forEach(ArrayList.java:1511)
... Removed 33 stack frames]]>
    </failure>
  </testcase> <!-- testcase001 -->
</testsuite> <!-- Test -->
